1    [XML-RPC-0] ERROR org.apache.xmlrpc.server.XmlRpcErrorLogger - Failed to invoke method execute in class com.nantic.jasperreports.JasperServer: java.lang.Boolean cannot be cast to java.lang.Integer
org.apache.xmlrpc.common.XmlRpcInvocationException: Failed to invoke method execute in class com.nantic.jasperreports.JasperServer: java.lang.Boolean cannot be cast to java.lang.Integer
	at org.apache.xmlrpc.server.ReflectiveXmlRpcHandler.invoke(ReflectiveXmlRpcHandler.java:129)
	at org.apache.xmlrpc.server.ReflectiveXmlRpcHandler.execute(ReflectiveXmlRpcHandler.java:106)
	at org.apache.xmlrpc.server.XmlRpcServerWorker.execute(XmlRpcServerWorker.java:46)
	at org.apache.xmlrpc.server.XmlRpcServer.execute(XmlRpcServer.java:86)
	at org.apache.xmlrpc.server.XmlRpcStreamServer.execute(XmlRpcStreamServer.java:200)
	at org.apache.xmlrpc.webserver.Connection.run(Connection.java:208)
	at org.apache.xmlrpc.util.ThreadPool$Poolable$1.run(ThreadPool.java:68)
Caused by: java.lang.ClassCastException: java.lang.Boolean cannot be cast to java.lang.Integer
	at net.sf.jasperreports.engine.query.JRJdbcQueryExecuter.setStatementParameter(JRJdbcQueryExecuter.java:520)
	at net.sf.jasperreports.engine.query.JRJdbcQueryExecuter.setStatementParameter(JRJdbcQueryExecuter.java:399)
	at net.sf.jasperreports.engine.query.JRJdbcQueryExecuter$1.visit(JRJdbcQueryExecuter.java:332)
	at net.sf.jasperreports.engine.query.JRAbstractQueryExecuter$QueryParameter.accept(JRAbstractQueryExecuter.java:157)
	at net.sf.jasperreports.engine.query.JRAbstractQueryExecuter.visitQueryParameters(JRAbstractQueryExecuter.java:646)
	at net.sf.jasperreports.engine.query.JRJdbcQueryExecuter.createStatement(JRJdbcQueryExecuter.java:317)
	at net.sf.jasperreports.engine.query.JRJdbcQueryExecuter.createDatasource(JRJdbcQueryExecuter.java:196)
	at net.sf.jasperreports.engine.fill.JRFillDataset.createQueryDatasource(JRFillDataset.java:1086)
	at net.sf.jasperreports.engine.fill.JRFillDataset.initDatasource(JRFillDataset.java:667)
	at net.sf.jasperreports.engine.fill.JRBaseFiller.setParameters(JRBaseFiller.java:1258)
	at net.sf.jasperreports.engine.fill.JRBaseFiller.fill(JRBaseFiller.java:877)
	at net.sf.jasperreports.engine.fill.JRBaseFiller.fill(JRBaseFiller.java:822)
	at net.sf.jasperreports.engine.fill.JRFiller.fill(JRFiller.java:61)
	at net.sf.jasperreports.engine.JasperFillManager.fill(JasperFillManager.java:446)
	at net.sf.jasperreports.engine.JasperFillManager.fillReport(JasperFillManager.java:849)
	at com.nantic.jasperreports.JasperServer.privateExecute(JasperServer.java:206)
	at com.nantic.jasperreports.JasperServer.execute(JasperServer.java:96)
	at sun.reflect.NativeMethodAccessorImpl.invoke0(Native Method)
	at sun.reflect.NativeMethodAccessorImpl.invoke(NativeMethodAccessorImpl.java:57)
	at sun.reflect.DelegatingMethodAccessorImpl.invoke(DelegatingMethodAccessorImpl.java:43)
	at java.lang.reflect.Method.invoke(Method.java:606)
	at org.apache.xmlrpc.server.ReflectiveXmlRpcHandler.invoke(ReflectiveXmlRpcHandler.java:115)
	... 6 more
Caused by:
java.lang.ClassCastException: java.lang.Boolean cannot be cast to java.lang.Integer
	at net.sf.jasperreports.engine.query.JRJdbcQueryExecuter.setStatementParameter(JRJdbcQueryExecuter.java:520)
	at net.sf.jasperreports.engine.query.JRJdbcQueryExecuter.setStatementParameter(JRJdbcQueryExecuter.java:399)
	at net.sf.jasperreports.engine.query.JRJdbcQueryExecuter$1.visit(JRJdbcQueryExecuter.java:332)
	at net.sf.jasperreports.engine.query.JRAbstractQueryExecuter$QueryParameter.accept(JRAbstractQueryExecuter.java:157)
	at net.sf.jasperreports.engine.query.JRAbstractQueryExecuter.visitQueryParameters(JRAbstractQueryExecuter.java:646)
	at net.sf.jasperreports.engine.query.JRJdbcQueryExecuter.createStatement(JRJdbcQueryExecuter.java:317)
	at net.sf.jasperreports.engine.query.JRJdbcQueryExecuter.createDatasource(JRJdbcQueryExecuter.java:196)
	at net.sf.jasperreports.engine.fill.JRFillDataset.createQueryDatasource(JRFillDataset.java:1086)
	at net.sf.jasperreports.engine.fill.JRFillDataset.initDatasource(JRFillDataset.java:667)
	at net.sf.jasperreports.engine.fill.JRBaseFiller.setParameters(JRBaseFiller.java:1258)
	at net.sf.jasperreports.engine.fill.JRBaseFiller.fill(JRBaseFiller.java:877)
	at net.sf.jasperreports.engine.fill.JRBaseFiller.fill(JRBaseFiller.java:822)
	at net.sf.jasperreports.engine.fill.JRFiller.fill(JRFiller.java:61)
	at net.sf.jasperreports.engine.JasperFillManager.fill(JasperFillManager.java:446)
	at net.sf.jasperreports.engine.JasperFillManager.fillReport(JasperFillManager.java:849)
	at com.nantic.jasperreports.JasperServer.privateExecute(JasperServer.java:206)
	at com.nantic.jasperreports.JasperServer.execute(JasperServer.java:96)
	at sun.reflect.NativeMethodAccessorImpl.invoke0(Native Method)
	at sun.reflect.NativeMethodAccessorImpl.invoke(NativeMethodAccessorImpl.java:57)
	at sun.reflect.DelegatingMethodAccessorImpl.invoke(DelegatingMethodAccessorImpl.java:43)
	at java.lang.reflect.Method.invoke(Method.java:606)
	at org.apache.xmlrpc.server.ReflectiveXmlRpcHandler.invoke(ReflectiveXmlRpcHandler.java:115)
	at org.apache.xmlrpc.server.ReflectiveXmlRpcHandler.execute(ReflectiveXmlRpcHandler.java:106)
	at org.apache.xmlrpc.server.XmlRpcServerWorker.execute(XmlRpcServerWorker.java:46)
	at org.apache.xmlrpc.server.XmlRpcServer.execute(XmlRpcServer.java:86)
	at org.apache.xmlrpc.server.XmlRpcStreamServer.execute(XmlRpcStreamServer.java:200)
	at org.apache.xmlrpc.webserver.Connection.run(Connection.java:208)
	at org.apache.xmlrpc.util.ThreadPool$Poolable$1.run(ThreadPool.java:68)
85845 [XML-RPC-0] ERROR org.apache.xmlrpc.server.XmlRpcErrorLogger - Failed to invoke method execute in class com.nantic.jasperreports.JasperServer: java.lang.Boolean cannot be cast to java.lang.Integer
org.apache.xmlrpc.common.XmlRpcInvocationException: Failed to invoke method execute in class com.nantic.jasperreports.JasperServer: java.lang.Boolean cannot be cast to java.lang.Integer
	at org.apache.xmlrpc.server.ReflectiveXmlRpcHandler.invoke(ReflectiveXmlRpcHandler.java:129)
	at org.apache.xmlrpc.server.ReflectiveXmlRpcHandler.execute(ReflectiveXmlRpcHandler.java:106)
	at org.apache.xmlrpc.server.XmlRpcServerWorker.execute(XmlRpcServerWorker.java:46)
	at org.apache.xmlrpc.server.XmlRpcServer.execute(XmlRpcServer.java:86)
	at org.apache.xmlrpc.server.XmlRpcStreamServer.execute(XmlRpcStreamServer.java:200)
	at org.apache.xmlrpc.webserver.Connection.run(Connection.java:208)
	at org.apache.xmlrpc.util.ThreadPool$Poolable$1.run(ThreadPool.java:68)
Caused by: java.lang.ClassCastException: java.lang.Boolean cannot be cast to java.lang.Integer
	at net.sf.jasperreports.engine.query.JRJdbcQueryExecuter.setStatementParameter(JRJdbcQueryExecuter.java:520)
	at net.sf.jasperreports.engine.query.JRJdbcQueryExecuter.setStatementParameter(JRJdbcQueryExecuter.java:399)
	at net.sf.jasperreports.engine.query.JRJdbcQueryExecuter$1.visit(JRJdbcQueryExecuter.java:332)
	at net.sf.jasperreports.engine.query.JRAbstractQueryExecuter$QueryParameter.accept(JRAbstractQueryExecuter.java:157)
	at net.sf.jasperreports.engine.query.JRAbstractQueryExecuter.visitQueryParameters(JRAbstractQueryExecuter.java:646)
	at net.sf.jasperreports.engine.query.JRJdbcQueryExecuter.createStatement(JRJdbcQueryExecuter.java:317)
	at net.sf.jasperreports.engine.query.JRJdbcQueryExecuter.createDatasource(JRJdbcQueryExecuter.java:196)
	at net.sf.jasperreports.engine.fill.JRFillDataset.createQueryDatasource(JRFillDataset.java:1086)
	at net.sf.jasperreports.engine.fill.JRFillDataset.initDatasource(JRFillDataset.java:667)
	at net.sf.jasperreports.engine.fill.JRBaseFiller.setParameters(JRBaseFiller.java:1258)
	at net.sf.jasperreports.engine.fill.JRBaseFiller.fill(JRBaseFiller.java:877)
	at net.sf.jasperreports.engine.fill.JRBaseFiller.fill(JRBaseFiller.java:822)
	at net.sf.jasperreports.engine.fill.JRFiller.fill(JRFiller.java:61)
	at net.sf.jasperreports.engine.JasperFillManager.fill(JasperFillManager.java:446)
	at net.sf.jasperreports.engine.JasperFillManager.fillReport(JasperFillManager.java:849)
	at com.nantic.jasperreports.JasperServer.privateExecute(JasperServer.java:206)
	at com.nantic.jasperreports.JasperServer.execute(JasperServer.java:96)
	at sun.reflect.NativeMethodAccessorImpl.invoke0(Native Method)
	at sun.reflect.NativeMethodAccessorImpl.invoke(NativeMethodAccessorImpl.java:57)
	at sun.reflect.DelegatingMethodAccessorImpl.invoke(DelegatingMethodAccessorImpl.java:43)
	at java.lang.reflect.Method.invoke(Method.java:606)
	at org.apache.xmlrpc.server.ReflectiveXmlRpcHandler.invoke(ReflectiveXmlRpcHandler.java:115)
	... 6 more
Caused by:
java.lang.ClassCastException: java.lang.Boolean cannot be cast to java.lang.Integer
	at net.sf.jasperreports.engine.query.JRJdbcQueryExecuter.setStatementParameter(JRJdbcQueryExecuter.java:520)
	at net.sf.jasperreports.engine.query.JRJdbcQueryExecuter.setStatementParameter(JRJdbcQueryExecuter.java:399)
	at net.sf.jasperreports.engine.query.JRJdbcQueryExecuter$1.visit(JRJdbcQueryExecuter.java:332)
	at net.sf.jasperreports.engine.query.JRAbstractQueryExecuter$QueryParameter.accept(JRAbstractQueryExecuter.java:157)
	at net.sf.jasperreports.engine.query.JRAbstractQueryExecuter.visitQueryParameters(JRAbstractQueryExecuter.java:646)
	at net.sf.jasperreports.engine.query.JRJdbcQueryExecuter.createStatement(JRJdbcQueryExecuter.java:317)
	at net.sf.jasperreports.engine.query.JRJdbcQueryExecuter.createDatasource(JRJdbcQueryExecuter.java:196)
	at net.sf.jasperreports.engine.fill.JRFillDataset.createQueryDatasource(JRFillDataset.java:1086)
	at net.sf.jasperreports.engine.fill.JRFillDataset.initDatasource(JRFillDataset.java:667)
	at net.sf.jasperreports.engine.fill.JRBaseFiller.setParameters(JRBaseFiller.java:1258)
	at net.sf.jasperreports.engine.fill.JRBaseFiller.fill(JRBaseFiller.java:877)
	at net.sf.jasperreports.engine.fill.JRBaseFiller.fill(JRBaseFiller.java:822)
	at net.sf.jasperreports.engine.fill.JRFiller.fill(JRFiller.java:61)
	at net.sf.jasperreports.engine.JasperFillManager.fill(JasperFillManager.java:446)
	at net.sf.jasperreports.engine.JasperFillManager.fillReport(JasperFillManager.java:849)
	at com.nantic.jasperreports.JasperServer.privateExecute(JasperServer.java:206)
	at com.nantic.jasperreports.JasperServer.execute(JasperServer.java:96)
	at sun.reflect.NativeMethodAccessorImpl.invoke0(Native Method)
	at sun.reflect.NativeMethodAccessorImpl.invoke(NativeMethodAccessorImpl.java:57)
	at sun.reflect.DelegatingMethodAccessorImpl.invoke(DelegatingMethodAccessorImpl.java:43)
	at java.lang.reflect.Method.invoke(Method.java:606)
	at org.apache.xmlrpc.server.ReflectiveXmlRpcHandler.invoke(ReflectiveXmlRpcHandler.java:115)
	at org.apache.xmlrpc.server.ReflectiveXmlRpcHandler.execute(ReflectiveXmlRpcHandler.java:106)
	at org.apache.xmlrpc.server.XmlRpcServerWorker.execute(XmlRpcServerWorker.java:46)
	at org.apache.xmlrpc.server.XmlRpcServer.execute(XmlRpcServer.java:86)
	at org.apache.xmlrpc.server.XmlRpcStreamServer.execute(XmlRpcStreamServer.java:200)
	at org.apache.xmlrpc.webserver.Connection.run(Connection.java:208)
	at org.apache.xmlrpc.util.ThreadPool$Poolable$1.run(ThreadPool.java:68)
1069784 [XML-RPC-0] ERROR org.apache.xmlrpc.server.XmlRpcErrorLogger - Failed to invoke method execute in class com.nantic.jasperreports.JasperServer: java.lang.Boolean cannot be cast to java.lang.Integer
org.apache.xmlrpc.common.XmlRpcInvocationException: Failed to invoke method execute in class com.nantic.jasperreports.JasperServer: java.lang.Boolean cannot be cast to java.lang.Integer
	at org.apache.xmlrpc.server.ReflectiveXmlRpcHandler.invoke(ReflectiveXmlRpcHandler.java:129)
	at org.apache.xmlrpc.server.ReflectiveXmlRpcHandler.execute(ReflectiveXmlRpcHandler.java:106)
	at org.apache.xmlrpc.server.XmlRpcServerWorker.execute(XmlRpcServerWorker.java:46)
	at org.apache.xmlrpc.server.XmlRpcServer.execute(XmlRpcServer.java:86)
	at org.apache.xmlrpc.server.XmlRpcStreamServer.execute(XmlRpcStreamServer.java:200)
	at org.apache.xmlrpc.webserver.Connection.run(Connection.java:208)
	at org.apache.xmlrpc.util.ThreadPool$Poolable$1.run(ThreadPool.java:68)
Caused by: java.lang.ClassCastException: java.lang.Boolean cannot be cast to java.lang.Integer
	at net.sf.jasperreports.engine.query.JRJdbcQueryExecuter.setStatementParameter(JRJdbcQueryExecuter.java:520)
	at net.sf.jasperreports.engine.query.JRJdbcQueryExecuter.setStatementParameter(JRJdbcQueryExecuter.java:399)
	at net.sf.jasperreports.engine.query.JRJdbcQueryExecuter$1.visit(JRJdbcQueryExecuter.java:332)
	at net.sf.jasperreports.engine.query.JRAbstractQueryExecuter$QueryParameter.accept(JRAbstractQueryExecuter.java:157)
	at net.sf.jasperreports.engine.query.JRAbstractQueryExecuter.visitQueryParameters(JRAbstractQueryExecuter.java:646)
	at net.sf.jasperreports.engine.query.JRJdbcQueryExecuter.createStatement(JRJdbcQueryExecuter.java:317)
	at net.sf.jasperreports.engine.query.JRJdbcQueryExecuter.createDatasource(JRJdbcQueryExecuter.java:196)
	at net.sf.jasperreports.engine.fill.JRFillDataset.createQueryDatasource(JRFillDataset.java:1086)
	at net.sf.jasperreports.engine.fill.JRFillDataset.initDatasource(JRFillDataset.java:667)
	at net.sf.jasperreports.engine.fill.JRBaseFiller.setParameters(JRBaseFiller.java:1258)
	at net.sf.jasperreports.engine.fill.JRBaseFiller.fill(JRBaseFiller.java:877)
	at net.sf.jasperreports.engine.fill.JRBaseFiller.fill(JRBaseFiller.java:822)
	at net.sf.jasperreports.engine.fill.JRFiller.fill(JRFiller.java:61)
	at net.sf.jasperreports.engine.JasperFillManager.fill(JasperFillManager.java:446)
	at net.sf.jasperreports.engine.JasperFillManager.fillReport(JasperFillManager.java:849)
	at com.nantic.jasperreports.JasperServer.privateExecute(JasperServer.java:206)
	at com.nantic.jasperreports.JasperServer.execute(JasperServer.java:96)
	at sun.reflect.NativeMethodAccessorImpl.invoke0(Native Method)
	at sun.reflect.NativeMethodAccessorImpl.invoke(NativeMethodAccessorImpl.java:57)
	at sun.reflect.DelegatingMethodAccessorImpl.invoke(DelegatingMethodAccessorImpl.java:43)
	at java.lang.reflect.Method.invoke(Method.java:606)
	at org.apache.xmlrpc.server.ReflectiveXmlRpcHandler.invoke(ReflectiveXmlRpcHandler.java:115)
	... 6 more
Caused by:
java.lang.ClassCastException: java.lang.Boolean cannot be cast to java.lang.Integer
	at net.sf.jasperreports.engine.query.JRJdbcQueryExecuter.setStatementParameter(JRJdbcQueryExecuter.java:520)
	at net.sf.jasperreports.engine.query.JRJdbcQueryExecuter.setStatementParameter(JRJdbcQueryExecuter.java:399)
	at net.sf.jasperreports.engine.query.JRJdbcQueryExecuter$1.visit(JRJdbcQueryExecuter.java:332)
	at net.sf.jasperreports.engine.query.JRAbstractQueryExecuter$QueryParameter.accept(JRAbstractQueryExecuter.java:157)
	at net.sf.jasperreports.engine.query.JRAbstractQueryExecuter.visitQueryParameters(JRAbstractQueryExecuter.java:646)
	at net.sf.jasperreports.engine.query.JRJdbcQueryExecuter.createStatement(JRJdbcQueryExecuter.java:317)
	at net.sf.jasperreports.engine.query.JRJdbcQueryExecuter.createDatasource(JRJdbcQueryExecuter.java:196)
	at net.sf.jasperreports.engine.fill.JRFillDataset.createQueryDatasource(JRFillDataset.java:1086)
	at net.sf.jasperreports.engine.fill.JRFillDataset.initDatasource(JRFillDataset.java:667)
	at net.sf.jasperreports.engine.fill.JRBaseFiller.setParameters(JRBaseFiller.java:1258)
	at net.sf.jasperreports.engine.fill.JRBaseFiller.fill(JRBaseFiller.java:877)
	at net.sf.jasperreports.engine.fill.JRBaseFiller.fill(JRBaseFiller.java:822)
	at net.sf.jasperreports.engine.fill.JRFiller.fill(JRFiller.java:61)
	at net.sf.jasperreports.engine.JasperFillManager.fill(JasperFillManager.java:446)
	at net.sf.jasperreports.engine.JasperFillManager.fillReport(JasperFillManager.java:849)
	at com.nantic.jasperreports.JasperServer.privateExecute(JasperServer.java:206)
	at com.nantic.jasperreports.JasperServer.execute(JasperServer.java:96)
	at sun.reflect.NativeMethodAccessorImpl.invoke0(Native Method)
	at sun.reflect.NativeMethodAccessorImpl.invoke(NativeMethodAccessorImpl.java:57)
	at sun.reflect.DelegatingMethodAccessorImpl.invoke(DelegatingMethodAccessorImpl.java:43)
	at java.lang.reflect.Method.invoke(Method.java:606)
	at org.apache.xmlrpc.server.ReflectiveXmlRpcHandler.invoke(ReflectiveXmlRpcHandler.java:115)
	at org.apache.xmlrpc.server.ReflectiveXmlRpcHandler.execute(ReflectiveXmlRpcHandler.java:106)
	at org.apache.xmlrpc.server.XmlRpcServerWorker.execute(XmlRpcServerWorker.java:46)
	at org.apache.xmlrpc.server.XmlRpcServer.execute(XmlRpcServer.java:86)
	at org.apache.xmlrpc.server.XmlRpcStreamServer.execute(XmlRpcStreamServer.java:200)
	at org.apache.xmlrpc.webserver.Connection.run(Connection.java:208)
	at org.apache.xmlrpc.util.ThreadPool$Poolable$1.run(ThreadPool.java:68)
2042933 [XML-RPC-0] ERROR org.apache.xmlrpc.server.XmlRpcErrorLogger - Failed to invoke method execute in class com.nantic.jasperreports.JasperServer: java.lang.Boolean cannot be cast to java.lang.Integer
org.apache.xmlrpc.common.XmlRpcInvocationException: Failed to invoke method execute in class com.nantic.jasperreports.JasperServer: java.lang.Boolean cannot be cast to java.lang.Integer
	at org.apache.xmlrpc.server.ReflectiveXmlRpcHandler.invoke(ReflectiveXmlRpcHandler.java:129)
	at org.apache.xmlrpc.server.ReflectiveXmlRpcHandler.execute(ReflectiveXmlRpcHandler.java:106)
	at org.apache.xmlrpc.server.XmlRpcServerWorker.execute(XmlRpcServerWorker.java:46)
	at org.apache.xmlrpc.server.XmlRpcServer.execute(XmlRpcServer.java:86)
	at org.apache.xmlrpc.server.XmlRpcStreamServer.execute(XmlRpcStreamServer.java:200)
	at org.apache.xmlrpc.webserver.Connection.run(Connection.java:208)
	at org.apache.xmlrpc.util.ThreadPool$Poolable$1.run(ThreadPool.java:68)
Caused by: java.lang.ClassCastException: java.lang.Boolean cannot be cast to java.lang.Integer
	at net.sf.jasperreports.engine.query.JRJdbcQueryExecuter.setStatementParameter(JRJdbcQueryExecuter.java:520)
	at net.sf.jasperreports.engine.query.JRJdbcQueryExecuter.setStatementParameter(JRJdbcQueryExecuter.java:399)
	at net.sf.jasperreports.engine.query.JRJdbcQueryExecuter$1.visit(JRJdbcQueryExecuter.java:332)
	at net.sf.jasperreports.engine.query.JRAbstractQueryExecuter$QueryParameter.accept(JRAbstractQueryExecuter.java:157)
	at net.sf.jasperreports.engine.query.JRAbstractQueryExecuter.visitQueryParameters(JRAbstractQueryExecuter.java:646)
	at net.sf.jasperreports.engine.query.JRJdbcQueryExecuter.createStatement(JRJdbcQueryExecuter.java:317)
	at net.sf.jasperreports.engine.query.JRJdbcQueryExecuter.createDatasource(JRJdbcQueryExecuter.java:196)
	at net.sf.jasperreports.engine.fill.JRFillDataset.createQueryDatasource(JRFillDataset.java:1086)
	at net.sf.jasperreports.engine.fill.JRFillDataset.initDatasource(JRFillDataset.java:667)
	at net.sf.jasperreports.engine.fill.JRBaseFiller.setParameters(JRBaseFiller.java:1258)
	at net.sf.jasperreports.engine.fill.JRBaseFiller.fill(JRBaseFiller.java:877)
	at net.sf.jasperreports.engine.fill.JRBaseFiller.fill(JRBaseFiller.java:822)
	at net.sf.jasperreports.engine.fill.JRFiller.fill(JRFiller.java:61)
	at net.sf.jasperreports.engine.JasperFillManager.fill(JasperFillManager.java:446)
	at net.sf.jasperreports.engine.JasperFillManager.fillReport(JasperFillManager.java:849)
	at com.nantic.jasperreports.JasperServer.privateExecute(JasperServer.java:206)
	at com.nantic.jasperreports.JasperServer.execute(JasperServer.java:96)
	at sun.reflect.NativeMethodAccessorImpl.invoke0(Native Method)
	at sun.reflect.NativeMethodAccessorImpl.invoke(NativeMethodAccessorImpl.java:57)
	at sun.reflect.DelegatingMethodAccessorImpl.invoke(DelegatingMethodAccessorImpl.java:43)
	at java.lang.reflect.Method.invoke(Method.java:606)
	at org.apache.xmlrpc.server.ReflectiveXmlRpcHandler.invoke(ReflectiveXmlRpcHandler.java:115)
	... 6 more
Caused by:
java.lang.ClassCastException: java.lang.Boolean cannot be cast to java.lang.Integer
	at net.sf.jasperreports.engine.query.JRJdbcQueryExecuter.setStatementParameter(JRJdbcQueryExecuter.java:520)
	at net.sf.jasperreports.engine.query.JRJdbcQueryExecuter.setStatementParameter(JRJdbcQueryExecuter.java:399)
	at net.sf.jasperreports.engine.query.JRJdbcQueryExecuter$1.visit(JRJdbcQueryExecuter.java:332)
	at net.sf.jasperreports.engine.query.JRAbstractQueryExecuter$QueryParameter.accept(JRAbstractQueryExecuter.java:157)
	at net.sf.jasperreports.engine.query.JRAbstractQueryExecuter.visitQueryParameters(JRAbstractQueryExecuter.java:646)
	at net.sf.jasperreports.engine.query.JRJdbcQueryExecuter.createStatement(JRJdbcQueryExecuter.java:317)
	at net.sf.jasperreports.engine.query.JRJdbcQueryExecuter.createDatasource(JRJdbcQueryExecuter.java:196)
	at net.sf.jasperreports.engine.fill.JRFillDataset.createQueryDatasource(JRFillDataset.java:1086)
	at net.sf.jasperreports.engine.fill.JRFillDataset.initDatasource(JRFillDataset.java:667)
	at net.sf.jasperreports.engine.fill.JRBaseFiller.setParameters(JRBaseFiller.java:1258)
	at net.sf.jasperreports.engine.fill.JRBaseFiller.fill(JRBaseFiller.java:877)
	at net.sf.jasperreports.engine.fill.JRBaseFiller.fill(JRBaseFiller.java:822)
	at net.sf.jasperreports.engine.fill.JRFiller.fill(JRFiller.java:61)
	at net.sf.jasperreports.engine.JasperFillManager.fill(JasperFillManager.java:446)
	at net.sf.jasperreports.engine.JasperFillManager.fillReport(JasperFillManager.java:849)
	at com.nantic.jasperreports.JasperServer.privateExecute(JasperServer.java:206)
	at com.nantic.jasperreports.JasperServer.execute(JasperServer.java:96)
	at sun.reflect.NativeMethodAccessorImpl.invoke0(Native Method)
	at sun.reflect.NativeMethodAccessorImpl.invoke(NativeMethodAccessorImpl.java:57)
	at sun.reflect.DelegatingMethodAccessorImpl.invoke(DelegatingMethodAccessorImpl.java:43)
	at java.lang.reflect.Method.invoke(Method.java:606)
	at org.apache.xmlrpc.server.ReflectiveXmlRpcHandler.invoke(ReflectiveXmlRpcHandler.java:115)
	at org.apache.xmlrpc.server.ReflectiveXmlRpcHandler.execute(ReflectiveXmlRpcHandler.java:106)
	at org.apache.xmlrpc.server.XmlRpcServerWorker.execute(XmlRpcServerWorker.java:46)
	at org.apache.xmlrpc.server.XmlRpcServer.execute(XmlRpcServer.java:86)
	at org.apache.xmlrpc.server.XmlRpcStreamServer.execute(XmlRpcStreamServer.java:200)
	at org.apache.xmlrpc.webserver.Connection.run(Connection.java:208)
	at org.apache.xmlrpc.util.ThreadPool$Poolable$1.run(ThreadPool.java:68)
2979911 [XML-RPC-0] ERROR org.apache.xmlrpc.server.XmlRpcErrorLogger - Failed to invoke method execute in class com.nantic.jasperreports.JasperServer: Byte data not found at : /opt/odoo8/custom/addons/ib_immobi_reports/report/immobi_logo.jpg
org.apache.xmlrpc.common.XmlRpcInvocationException: Failed to invoke method execute in class com.nantic.jasperreports.JasperServer: Byte data not found at : /opt/odoo8/custom/addons/ib_immobi_reports/report/immobi_logo.jpg
	at org.apache.xmlrpc.server.ReflectiveXmlRpcHandler.invoke(ReflectiveXmlRpcHandler.java:129)
	at org.apache.xmlrpc.server.ReflectiveXmlRpcHandler.execute(ReflectiveXmlRpcHandler.java:106)
	at org.apache.xmlrpc.server.XmlRpcServerWorker.execute(XmlRpcServerWorker.java:46)
	at org.apache.xmlrpc.server.XmlRpcServer.execute(XmlRpcServer.java:86)
	at org.apache.xmlrpc.server.XmlRpcStreamServer.execute(XmlRpcStreamServer.java:200)
	at org.apache.xmlrpc.webserver.Connection.run(Connection.java:208)
	at org.apache.xmlrpc.util.ThreadPool$Poolable$1.run(ThreadPool.java:68)
Caused by: net.sf.jasperreports.engine.JRException: Byte data not found at : /opt/odoo8/custom/addons/ib_immobi_reports/report/immobi_logo.jpg
	at net.sf.jasperreports.repo.RepositoryUtil.getBytesFromLocation(RepositoryUtil.java:324)
	at net.sf.jasperreports.engine.RenderableUtil.getRenderable(RenderableUtil.java:121)
	at net.sf.jasperreports.engine.fill.JRFillImage.evaluateImage(JRFillImage.java:527)
	at net.sf.jasperreports.engine.fill.JRFillImage.evaluate(JRFillImage.java:463)
	at net.sf.jasperreports.engine.fill.JRFillElementContainer.evaluate(JRFillElementContainer.java:259)
	at net.sf.jasperreports.engine.fill.JRFillBand.evaluate(JRFillBand.java:459)
	at net.sf.jasperreports.engine.fill.JRVerticalFiller.fillTitle(JRVerticalFiller.java:344)
	at net.sf.jasperreports.engine.fill.JRVerticalFiller.fillReportStart(JRVerticalFiller.java:280)
	at net.sf.jasperreports.engine.fill.JRVerticalFiller.fillReport(JRVerticalFiller.java:151)
	at net.sf.jasperreports.engine.fill.JRBaseFiller.fill(JRBaseFiller.java:909)
	at net.sf.jasperreports.engine.fill.JRBaseFiller.fill(JRBaseFiller.java:822)
	at net.sf.jasperreports.engine.fill.JRFiller.fill(JRFiller.java:61)
	at net.sf.jasperreports.engine.JasperFillManager.fill(JasperFillManager.java:446)
	at net.sf.jasperreports.engine.JasperFillManager.fillReport(JasperFillManager.java:849)
	at com.nantic.jasperreports.JasperServer.privateExecute(JasperServer.java:206)
	at com.nantic.jasperreports.JasperServer.execute(JasperServer.java:96)
	at sun.reflect.NativeMethodAccessorImpl.invoke0(Native Method)
	at sun.reflect.NativeMethodAccessorImpl.invoke(NativeMethodAccessorImpl.java:57)
	at sun.reflect.DelegatingMethodAccessorImpl.invoke(DelegatingMethodAccessorImpl.java:43)
	at java.lang.reflect.Method.invoke(Method.java:606)
	at org.apache.xmlrpc.server.ReflectiveXmlRpcHandler.invoke(ReflectiveXmlRpcHandler.java:115)
	... 6 more
Caused by:
net.sf.jasperreports.engine.JRException: Byte data not found at : /opt/odoo8/custom/addons/ib_immobi_reports/report/immobi_logo.jpg
	at net.sf.jasperreports.repo.RepositoryUtil.getBytesFromLocation(RepositoryUtil.java:324)
	at net.sf.jasperreports.engine.RenderableUtil.getRenderable(RenderableUtil.java:121)
	at net.sf.jasperreports.engine.fill.JRFillImage.evaluateImage(JRFillImage.java:527)
	at net.sf.jasperreports.engine.fill.JRFillImage.evaluate(JRFillImage.java:463)
	at net.sf.jasperreports.engine.fill.JRFillElementContainer.evaluate(JRFillElementContainer.java:259)
	at net.sf.jasperreports.engine.fill.JRFillBand.evaluate(JRFillBand.java:459)
	at net.sf.jasperreports.engine.fill.JRVerticalFiller.fillTitle(JRVerticalFiller.java:344)
	at net.sf.jasperreports.engine.fill.JRVerticalFiller.fillReportStart(JRVerticalFiller.java:280)
	at net.sf.jasperreports.engine.fill.JRVerticalFiller.fillReport(JRVerticalFiller.java:151)
	at net.sf.jasperreports.engine.fill.JRBaseFiller.fill(JRBaseFiller.java:909)
	at net.sf.jasperreports.engine.fill.JRBaseFiller.fill(JRBaseFiller.java:822)
	at net.sf.jasperreports.engine.fill.JRFiller.fill(JRFiller.java:61)
	at net.sf.jasperreports.engine.JasperFillManager.fill(JasperFillManager.java:446)
	at net.sf.jasperreports.engine.JasperFillManager.fillReport(JasperFillManager.java:849)
	at com.nantic.jasperreports.JasperServer.privateExecute(JasperServer.java:206)
	at com.nantic.jasperreports.JasperServer.execute(JasperServer.java:96)
	at sun.reflect.NativeMethodAccessorImpl.invoke0(Native Method)
	at sun.reflect.NativeMethodAccessorImpl.invoke(NativeMethodAccessorImpl.java:57)
	at sun.reflect.DelegatingMethodAccessorImpl.invoke(DelegatingMethodAccessorImpl.java:43)
	at java.lang.reflect.Method.invoke(Method.java:606)
	at org.apache.xmlrpc.server.ReflectiveXmlRpcHandler.invoke(ReflectiveXmlRpcHandler.java:115)
	at org.apache.xmlrpc.server.ReflectiveXmlRpcHandler.execute(ReflectiveXmlRpcHandler.java:106)
	at org.apache.xmlrpc.server.XmlRpcServerWorker.execute(XmlRpcServerWorker.java:46)
	at org.apache.xmlrpc.server.XmlRpcServer.execute(XmlRpcServer.java:86)
	at org.apache.xmlrpc.server.XmlRpcStreamServer.execute(XmlRpcStreamServer.java:200)
	at org.apache.xmlrpc.webserver.Connection.run(Connection.java:208)
	at org.apache.xmlrpc.util.ThreadPool$Poolable$1.run(ThreadPool.java:68)
3028071 [XML-RPC-0] ERROR org.apache.xmlrpc.server.XmlRpcErrorLogger - Failed to invoke method execute in class com.nantic.jasperreports.JasperServer: Byte data not found at : /opt/odoo8/custom/addons/ib_immobi_reports/report/immobi_logo.jpg
org.apache.xmlrpc.common.XmlRpcInvocationException: Failed to invoke method execute in class com.nantic.jasperreports.JasperServer: Byte data not found at : /opt/odoo8/custom/addons/ib_immobi_reports/report/immobi_logo.jpg
	at org.apache.xmlrpc.server.ReflectiveXmlRpcHandler.invoke(ReflectiveXmlRpcHandler.java:129)
	at org.apache.xmlrpc.server.ReflectiveXmlRpcHandler.execute(ReflectiveXmlRpcHandler.java:106)
	at org.apache.xmlrpc.server.XmlRpcServerWorker.execute(XmlRpcServerWorker.java:46)
	at org.apache.xmlrpc.server.XmlRpcServer.execute(XmlRpcServer.java:86)
	at org.apache.xmlrpc.server.XmlRpcStreamServer.execute(XmlRpcStreamServer.java:200)
	at org.apache.xmlrpc.webserver.Connection.run(Connection.java:208)
	at org.apache.xmlrpc.util.ThreadPool$Poolable$1.run(ThreadPool.java:68)
Caused by: net.sf.jasperreports.engine.JRException: Byte data not found at : /opt/odoo8/custom/addons/ib_immobi_reports/report/immobi_logo.jpg
	at net.sf.jasperreports.repo.RepositoryUtil.getBytesFromLocation(RepositoryUtil.java:324)
	at net.sf.jasperreports.engine.RenderableUtil.getRenderable(RenderableUtil.java:121)
	at net.sf.jasperreports.engine.fill.JRFillImage.evaluateImage(JRFillImage.java:527)
	at net.sf.jasperreports.engine.fill.JRFillImage.evaluate(JRFillImage.java:463)
	at net.sf.jasperreports.engine.fill.JRFillElementContainer.evaluate(JRFillElementContainer.java:259)
	at net.sf.jasperreports.engine.fill.JRFillBand.evaluate(JRFillBand.java:459)
	at net.sf.jasperreports.engine.fill.JRVerticalFiller.fillTitle(JRVerticalFiller.java:344)
	at net.sf.jasperreports.engine.fill.JRVerticalFiller.fillReportStart(JRVerticalFiller.java:280)
	at net.sf.jasperreports.engine.fill.JRVerticalFiller.fillReport(JRVerticalFiller.java:151)
	at net.sf.jasperreports.engine.fill.JRBaseFiller.fill(JRBaseFiller.java:909)
	at net.sf.jasperreports.engine.fill.JRBaseFiller.fill(JRBaseFiller.java:822)
	at net.sf.jasperreports.engine.fill.JRFiller.fill(JRFiller.java:61)
	at net.sf.jasperreports.engine.JasperFillManager.fill(JasperFillManager.java:446)
	at net.sf.jasperreports.engine.JasperFillManager.fillReport(JasperFillManager.java:849)
	at com.nantic.jasperreports.JasperServer.privateExecute(JasperServer.java:206)
	at com.nantic.jasperreports.JasperServer.execute(JasperServer.java:96)
	at sun.reflect.NativeMethodAccessorImpl.invoke0(Native Method)
	at sun.reflect.NativeMethodAccessorImpl.invoke(NativeMethodAccessorImpl.java:57)
	at sun.reflect.DelegatingMethodAccessorImpl.invoke(DelegatingMethodAccessorImpl.java:43)
	at java.lang.reflect.Method.invoke(Method.java:606)
	at org.apache.xmlrpc.server.ReflectiveXmlRpcHandler.invoke(ReflectiveXmlRpcHandler.java:115)
	... 6 more
Caused by:
net.sf.jasperreports.engine.JRException: Byte data not found at : /opt/odoo8/custom/addons/ib_immobi_reports/report/immobi_logo.jpg
	at net.sf.jasperreports.repo.RepositoryUtil.getBytesFromLocation(RepositoryUtil.java:324)
	at net.sf.jasperreports.engine.RenderableUtil.getRenderable(RenderableUtil.java:121)
	at net.sf.jasperreports.engine.fill.JRFillImage.evaluateImage(JRFillImage.java:527)
	at net.sf.jasperreports.engine.fill.JRFillImage.evaluate(JRFillImage.java:463)
	at net.sf.jasperreports.engine.fill.JRFillElementContainer.evaluate(JRFillElementContainer.java:259)
	at net.sf.jasperreports.engine.fill.JRFillBand.evaluate(JRFillBand.java:459)
	at net.sf.jasperreports.engine.fill.JRVerticalFiller.fillTitle(JRVerticalFiller.java:344)
	at net.sf.jasperreports.engine.fill.JRVerticalFiller.fillReportStart(JRVerticalFiller.java:280)
	at net.sf.jasperreports.engine.fill.JRVerticalFiller.fillReport(JRVerticalFiller.java:151)
	at net.sf.jasperreports.engine.fill.JRBaseFiller.fill(JRBaseFiller.java:909)
	at net.sf.jasperreports.engine.fill.JRBaseFiller.fill(JRBaseFiller.java:822)
	at net.sf.jasperreports.engine.fill.JRFiller.fill(JRFiller.java:61)
	at net.sf.jasperreports.engine.JasperFillManager.fill(JasperFillManager.java:446)
	at net.sf.jasperreports.engine.JasperFillManager.fillReport(JasperFillManager.java:849)
	at com.nantic.jasperreports.JasperServer.privateExecute(JasperServer.java:206)
	at com.nantic.jasperreports.JasperServer.execute(JasperServer.java:96)
	at sun.reflect.NativeMethodAccessorImpl.invoke0(Native Method)
	at sun.reflect.NativeMethodAccessorImpl.invoke(NativeMethodAccessorImpl.java:57)
	at sun.reflect.DelegatingMethodAccessorImpl.invoke(DelegatingMethodAccessorImpl.java:43)
	at java.lang.reflect.Method.invoke(Method.java:606)
	at org.apache.xmlrpc.server.ReflectiveXmlRpcHandler.invoke(ReflectiveXmlRpcHandler.java:115)
	at org.apache.xmlrpc.server.ReflectiveXmlRpcHandler.execute(ReflectiveXmlRpcHandler.java:106)
	at org.apache.xmlrpc.server.XmlRpcServerWorker.execute(XmlRpcServerWorker.java:46)
	at org.apache.xmlrpc.server.XmlRpcServer.execute(XmlRpcServer.java:86)
	at org.apache.xmlrpc.server.XmlRpcStreamServer.execute(XmlRpcStreamServer.java:200)
	at org.apache.xmlrpc.webserver.Connection.run(Connection.java:208)
	at org.apache.xmlrpc.util.ThreadPool$Poolable$1.run(ThreadPool.java:68)
3388121 [XML-RPC-0] ERROR net.sf.jasperreports.engine.fill.JRFillSubreport - Fill 1: exception
net.sf.jasperreports.engine.JRRuntimeException: Subreport overflowed on a band that does not support overflow.
	at net.sf.jasperreports.engine.fill.JRVerticalFiller.addPage(JRVerticalFiller.java:1845)
	at net.sf.jasperreports.engine.fill.JRVerticalFiller.fillSummaryNoLastFooterNewPage(JRVerticalFiller.java:1187)
	at net.sf.jasperreports.engine.fill.JRVerticalFiller.fillSummary(JRVerticalFiller.java:1059)
	at net.sf.jasperreports.engine.fill.JRVerticalFiller.fillReportEnd(JRVerticalFiller.java:319)
	at net.sf.jasperreports.engine.fill.JRVerticalFiller.fillReport(JRVerticalFiller.java:158)
	at net.sf.jasperreports.engine.fill.JRBaseFiller.fill(JRBaseFiller.java:909)
	at net.sf.jasperreports.engine.fill.JRBaseFiller.fill(JRBaseFiller.java:822)
	at net.sf.jasperreports.engine.fill.JRFillSubreport.fillSubreport(JRFillSubreport.java:655)
	at net.sf.jasperreports.engine.fill.JRSubreportRunnable.run(JRSubreportRunnable.java:59)
	at net.sf.jasperreports.engine.fill.AbstractThreadSubreportRunner.run(AbstractThreadSubreportRunner.java:203)
	at java.util.concurrent.ThreadPoolExecutor.runWorker(ThreadPoolExecutor.java:1145)
	at java.util.concurrent.ThreadPoolExecutor$Worker.run(ThreadPoolExecutor.java:615)
	at java.lang.Thread.run(Thread.java:745)
3388122 [XML-RPC-0] ERROR org.apache.xmlrpc.server.XmlRpcErrorLogger - Failed to invoke method execute in class com.nantic.jasperreports.JasperServer: Subreport overflowed on a band that does not support overflow.
org.apache.xmlrpc.common.XmlRpcInvocationException: Failed to invoke method execute in class com.nantic.jasperreports.JasperServer: Subreport overflowed on a band that does not support overflow.
	at org.apache.xmlrpc.server.ReflectiveXmlRpcHandler.invoke(ReflectiveXmlRpcHandler.java:129)
	at org.apache.xmlrpc.server.ReflectiveXmlRpcHandler.execute(ReflectiveXmlRpcHandler.java:106)
	at org.apache.xmlrpc.server.XmlRpcServerWorker.execute(XmlRpcServerWorker.java:46)
	at org.apache.xmlrpc.server.XmlRpcServer.execute(XmlRpcServer.java:86)
	at org.apache.xmlrpc.server.XmlRpcStreamServer.execute(XmlRpcStreamServer.java:200)
	at org.apache.xmlrpc.webserver.Connection.run(Connection.java:208)
	at org.apache.xmlrpc.util.ThreadPool$Poolable$1.run(ThreadPool.java:68)
Caused by: net.sf.jasperreports.engine.JRRuntimeException: Subreport overflowed on a band that does not support overflow.
	at net.sf.jasperreports.engine.fill.JRVerticalFiller.addPage(JRVerticalFiller.java:1845)
	at net.sf.jasperreports.engine.fill.JRVerticalFiller.fillSummaryNoLastFooterNewPage(JRVerticalFiller.java:1187)
	at net.sf.jasperreports.engine.fill.JRVerticalFiller.fillSummary(JRVerticalFiller.java:1059)
	at net.sf.jasperreports.engine.fill.JRVerticalFiller.fillReportEnd(JRVerticalFiller.java:319)
	at net.sf.jasperreports.engine.fill.JRVerticalFiller.fillReport(JRVerticalFiller.java:158)
	at net.sf.jasperreports.engine.fill.JRBaseFiller.fill(JRBaseFiller.java:909)
	at net.sf.jasperreports.engine.fill.JRBaseFiller.fill(JRBaseFiller.java:822)
	at net.sf.jasperreports.engine.fill.JRFillSubreport.fillSubreport(JRFillSubreport.java:655)
	at net.sf.jasperreports.engine.fill.JRSubreportRunnable.run(JRSubreportRunnable.java:59)
	at net.sf.jasperreports.engine.fill.AbstractThreadSubreportRunner.run(AbstractThreadSubreportRunner.java:203)
	at java.util.concurrent.ThreadPoolExecutor.runWorker(ThreadPoolExecutor.java:1145)
	at java.util.concurrent.ThreadPoolExecutor$Worker.run(ThreadPoolExecutor.java:615)
	at java.lang.Thread.run(Thread.java:745)
Caused by:
net.sf.jasperreports.engine.JRRuntimeException: Subreport overflowed on a band that does not support overflow.
	at net.sf.jasperreports.engine.fill.JRVerticalFiller.addPage(JRVerticalFiller.java:1845)
	at net.sf.jasperreports.engine.fill.JRVerticalFiller.fillSummaryNoLastFooterNewPage(JRVerticalFiller.java:1187)
	at net.sf.jasperreports.engine.fill.JRVerticalFiller.fillSummary(JRVerticalFiller.java:1059)
	at net.sf.jasperreports.engine.fill.JRVerticalFiller.fillReportEnd(JRVerticalFiller.java:319)
	at net.sf.jasperreports.engine.fill.JRVerticalFiller.fillReport(JRVerticalFiller.java:158)
	at net.sf.jasperreports.engine.fill.JRBaseFiller.fill(JRBaseFiller.java:909)
	at net.sf.jasperreports.engine.fill.JRBaseFiller.fill(JRBaseFiller.java:822)
	at net.sf.jasperreports.engine.fill.JRFillSubreport.fillSubreport(JRFillSubreport.java:655)
	at net.sf.jasperreports.engine.fill.JRSubreportRunnable.run(JRSubreportRunnable.java:59)
	at net.sf.jasperreports.engine.fill.AbstractThreadSubreportRunner.run(AbstractThreadSubreportRunner.java:203)
	at java.util.concurrent.ThreadPoolExecutor.runWorker(ThreadPoolExecutor.java:1145)
	at java.util.concurrent.ThreadPoolExecutor$Worker.run(ThreadPoolExecutor.java:615)
	at java.lang.Thread.run(Thread.java:745)
3411913 [XML-RPC-0] ERROR net.sf.jasperreports.engine.fill.JRFillSubreport - Fill 1: exception
net.sf.jasperreports.engine.JRRuntimeException: Subreport overflowed on a band that does not support overflow.
	at net.sf.jasperreports.engine.fill.JRVerticalFiller.addPage(JRVerticalFiller.java:1845)
	at net.sf.jasperreports.engine.fill.JRVerticalFiller.fillSummaryNoLastFooterNewPage(JRVerticalFiller.java:1187)
	at net.sf.jasperreports.engine.fill.JRVerticalFiller.fillSummary(JRVerticalFiller.java:1059)
	at net.sf.jasperreports.engine.fill.JRVerticalFiller.fillReportEnd(JRVerticalFiller.java:319)
	at net.sf.jasperreports.engine.fill.JRVerticalFiller.fillReport(JRVerticalFiller.java:158)
	at net.sf.jasperreports.engine.fill.JRBaseFiller.fill(JRBaseFiller.java:909)
	at net.sf.jasperreports.engine.fill.JRBaseFiller.fill(JRBaseFiller.java:822)
	at net.sf.jasperreports.engine.fill.JRFillSubreport.fillSubreport(JRFillSubreport.java:655)
	at net.sf.jasperreports.engine.fill.JRSubreportRunnable.run(JRSubreportRunnable.java:59)
	at net.sf.jasperreports.engine.fill.AbstractThreadSubreportRunner.run(AbstractThreadSubreportRunner.java:203)
	at java.util.concurrent.ThreadPoolExecutor.runWorker(ThreadPoolExecutor.java:1145)
	at java.util.concurrent.ThreadPoolExecutor$Worker.run(ThreadPoolExecutor.java:615)
	at java.lang.Thread.run(Thread.java:745)
3411914 [XML-RPC-0] ERROR org.apache.xmlrpc.server.XmlRpcErrorLogger - Failed to invoke method execute in class com.nantic.jasperreports.JasperServer: Subreport overflowed on a band that does not support overflow.
org.apache.xmlrpc.common.XmlRpcInvocationException: Failed to invoke method execute in class com.nantic.jasperreports.JasperServer: Subreport overflowed on a band that does not support overflow.
	at org.apache.xmlrpc.server.ReflectiveXmlRpcHandler.invoke(ReflectiveXmlRpcHandler.java:129)
	at org.apache.xmlrpc.server.ReflectiveXmlRpcHandler.execute(ReflectiveXmlRpcHandler.java:106)
	at org.apache.xmlrpc.server.XmlRpcServerWorker.execute(XmlRpcServerWorker.java:46)
	at org.apache.xmlrpc.server.XmlRpcServer.execute(XmlRpcServer.java:86)
	at org.apache.xmlrpc.server.XmlRpcStreamServer.execute(XmlRpcStreamServer.java:200)
	at org.apache.xmlrpc.webserver.Connection.run(Connection.java:208)
	at org.apache.xmlrpc.util.ThreadPool$Poolable$1.run(ThreadPool.java:68)
Caused by: net.sf.jasperreports.engine.JRRuntimeException: Subreport overflowed on a band that does not support overflow.
	at net.sf.jasperreports.engine.fill.JRVerticalFiller.addPage(JRVerticalFiller.java:1845)
	at net.sf.jasperreports.engine.fill.JRVerticalFiller.fillSummaryNoLastFooterNewPage(JRVerticalFiller.java:1187)
	at net.sf.jasperreports.engine.fill.JRVerticalFiller.fillSummary(JRVerticalFiller.java:1059)
	at net.sf.jasperreports.engine.fill.JRVerticalFiller.fillReportEnd(JRVerticalFiller.java:319)
	at net.sf.jasperreports.engine.fill.JRVerticalFiller.fillReport(JRVerticalFiller.java:158)
	at net.sf.jasperreports.engine.fill.JRBaseFiller.fill(JRBaseFiller.java:909)
	at net.sf.jasperreports.engine.fill.JRBaseFiller.fill(JRBaseFiller.java:822)
	at net.sf.jasperreports.engine.fill.JRFillSubreport.fillSubreport(JRFillSubreport.java:655)
	at net.sf.jasperreports.engine.fill.JRSubreportRunnable.run(JRSubreportRunnable.java:59)
	at net.sf.jasperreports.engine.fill.AbstractThreadSubreportRunner.run(AbstractThreadSubreportRunner.java:203)
	at java.util.concurrent.ThreadPoolExecutor.runWorker(ThreadPoolExecutor.java:1145)
	at java.util.concurrent.ThreadPoolExecutor$Worker.run(ThreadPoolExecutor.java:615)
	at java.lang.Thread.run(Thread.java:745)
Caused by:
net.sf.jasperreports.engine.JRRuntimeException: Subreport overflowed on a band that does not support overflow.
	at net.sf.jasperreports.engine.fill.JRVerticalFiller.addPage(JRVerticalFiller.java:1845)
	at net.sf.jasperreports.engine.fill.JRVerticalFiller.fillSummaryNoLastFooterNewPage(JRVerticalFiller.java:1187)
	at net.sf.jasperreports.engine.fill.JRVerticalFiller.fillSummary(JRVerticalFiller.java:1059)
	at net.sf.jasperreports.engine.fill.JRVerticalFiller.fillReportEnd(JRVerticalFiller.java:319)
	at net.sf.jasperreports.engine.fill.JRVerticalFiller.fillReport(JRVerticalFiller.java:158)
	at net.sf.jasperreports.engine.fill.JRBaseFiller.fill(JRBaseFiller.java:909)
	at net.sf.jasperreports.engine.fill.JRBaseFiller.fill(JRBaseFiller.java:822)
	at net.sf.jasperreports.engine.fill.JRFillSubreport.fillSubreport(JRFillSubreport.java:655)
	at net.sf.jasperreports.engine.fill.JRSubreportRunnable.run(JRSubreportRunnable.java:59)
	at net.sf.jasperreports.engine.fill.AbstractThreadSubreportRunner.run(AbstractThreadSubreportRunner.java:203)
	at java.util.concurrent.ThreadPoolExecutor.runWorker(ThreadPoolExecutor.java:1145)
	at java.util.concurrent.ThreadPoolExecutor$Worker.run(ThreadPoolExecutor.java:615)
	at java.lang.Thread.run(Thread.java:745)
3475723 [XML-RPC-0] ERROR net.sf.jasperreports.engine.fill.JRFillSubreport - Fill 1: exception
net.sf.jasperreports.engine.JRRuntimeException: Subreport overflowed on a band that does not support overflow.
	at net.sf.jasperreports.engine.fill.JRVerticalFiller.addPage(JRVerticalFiller.java:1845)
	at net.sf.jasperreports.engine.fill.JRVerticalFiller.fillSummaryNoLastFooterNewPage(JRVerticalFiller.java:1187)
	at net.sf.jasperreports.engine.fill.JRVerticalFiller.fillSummary(JRVerticalFiller.java:1059)
	at net.sf.jasperreports.engine.fill.JRVerticalFiller.fillReportEnd(JRVerticalFiller.java:319)
	at net.sf.jasperreports.engine.fill.JRVerticalFiller.fillReport(JRVerticalFiller.java:158)
	at net.sf.jasperreports.engine.fill.JRBaseFiller.fill(JRBaseFiller.java:909)
	at net.sf.jasperreports.engine.fill.JRBaseFiller.fill(JRBaseFiller.java:822)
	at net.sf.jasperreports.engine.fill.JRFillSubreport.fillSubreport(JRFillSubreport.java:655)
	at net.sf.jasperreports.engine.fill.JRSubreportRunnable.run(JRSubreportRunnable.java:59)
	at net.sf.jasperreports.engine.fill.AbstractThreadSubreportRunner.run(AbstractThreadSubreportRunner.java:203)
	at java.util.concurrent.ThreadPoolExecutor.runWorker(ThreadPoolExecutor.java:1145)
	at java.util.concurrent.ThreadPoolExecutor$Worker.run(ThreadPoolExecutor.java:615)
	at java.lang.Thread.run(Thread.java:745)
3475723 [XML-RPC-0] ERROR org.apache.xmlrpc.server.XmlRpcErrorLogger - Failed to invoke method execute in class com.nantic.jasperreports.JasperServer: Subreport overflowed on a band that does not support overflow.
org.apache.xmlrpc.common.XmlRpcInvocationException: Failed to invoke method execute in class com.nantic.jasperreports.JasperServer: Subreport overflowed on a band that does not support overflow.
	at org.apache.xmlrpc.server.ReflectiveXmlRpcHandler.invoke(ReflectiveXmlRpcHandler.java:129)
	at org.apache.xmlrpc.server.ReflectiveXmlRpcHandler.execute(ReflectiveXmlRpcHandler.java:106)
	at org.apache.xmlrpc.server.XmlRpcServerWorker.execute(XmlRpcServerWorker.java:46)
	at org.apache.xmlrpc.server.XmlRpcServer.execute(XmlRpcServer.java:86)
	at org.apache.xmlrpc.server.XmlRpcStreamServer.execute(XmlRpcStreamServer.java:200)
	at org.apache.xmlrpc.webserver.Connection.run(Connection.java:208)
	at org.apache.xmlrpc.util.ThreadPool$Poolable$1.run(ThreadPool.java:68)
Caused by: net.sf.jasperreports.engine.JRRuntimeException: Subreport overflowed on a band that does not support overflow.
	at net.sf.jasperreports.engine.fill.JRVerticalFiller.addPage(JRVerticalFiller.java:1845)
	at net.sf.jasperreports.engine.fill.JRVerticalFiller.fillSummaryNoLastFooterNewPage(JRVerticalFiller.java:1187)
	at net.sf.jasperreports.engine.fill.JRVerticalFiller.fillSummary(JRVerticalFiller.java:1059)
	at net.sf.jasperreports.engine.fill.JRVerticalFiller.fillReportEnd(JRVerticalFiller.java:319)
	at net.sf.jasperreports.engine.fill.JRVerticalFiller.fillReport(JRVerticalFiller.java:158)
	at net.sf.jasperreports.engine.fill.JRBaseFiller.fill(JRBaseFiller.java:909)
	at net.sf.jasperreports.engine.fill.JRBaseFiller.fill(JRBaseFiller.java:822)
	at net.sf.jasperreports.engine.fill.JRFillSubreport.fillSubreport(JRFillSubreport.java:655)
	at net.sf.jasperreports.engine.fill.JRSubreportRunnable.run(JRSubreportRunnable.java:59)
	at net.sf.jasperreports.engine.fill.AbstractThreadSubreportRunner.run(AbstractThreadSubreportRunner.java:203)
	at java.util.concurrent.ThreadPoolExecutor.runWorker(ThreadPoolExecutor.java:1145)
	at java.util.concurrent.ThreadPoolExecutor$Worker.run(ThreadPoolExecutor.java:615)
	at java.lang.Thread.run(Thread.java:745)
Caused by:
net.sf.jasperreports.engine.JRRuntimeException: Subreport overflowed on a band that does not support overflow.
	at net.sf.jasperreports.engine.fill.JRVerticalFiller.addPage(JRVerticalFiller.java:1845)
	at net.sf.jasperreports.engine.fill.JRVerticalFiller.fillSummaryNoLastFooterNewPage(JRVerticalFiller.java:1187)
	at net.sf.jasperreports.engine.fill.JRVerticalFiller.fillSummary(JRVerticalFiller.java:1059)
	at net.sf.jasperreports.engine.fill.JRVerticalFiller.fillReportEnd(JRVerticalFiller.java:319)
	at net.sf.jasperreports.engine.fill.JRVerticalFiller.fillReport(JRVerticalFiller.java:158)
	at net.sf.jasperreports.engine.fill.JRBaseFiller.fill(JRBaseFiller.java:909)
	at net.sf.jasperreports.engine.fill.JRBaseFiller.fill(JRBaseFiller.java:822)
	at net.sf.jasperreports.engine.fill.JRFillSubreport.fillSubreport(JRFillSubreport.java:655)
	at net.sf.jasperreports.engine.fill.JRSubreportRunnable.run(JRSubreportRunnable.java:59)
	at net.sf.jasperreports.engine.fill.AbstractThreadSubreportRunner.run(AbstractThreadSubreportRunner.java:203)
	at java.util.concurrent.ThreadPoolExecutor.runWorker(ThreadPoolExecutor.java:1145)
	at java.util.concurrent.ThreadPoolExecutor$Worker.run(ThreadPoolExecutor.java:615)
	at java.lang.Thread.run(Thread.java:745)
3506238 [XML-RPC-0] ERROR net.sf.jasperreports.engine.fill.JRFillSubreport - Fill 1: exception
net.sf.jasperreports.engine.JRRuntimeException: Subreport overflowed on a band that does not support overflow.
	at net.sf.jasperreports.engine.fill.JRVerticalFiller.addPage(JRVerticalFiller.java:1845)
	at net.sf.jasperreports.engine.fill.JRVerticalFiller.fillSummaryNoLastFooterNewPage(JRVerticalFiller.java:1187)
	at net.sf.jasperreports.engine.fill.JRVerticalFiller.fillSummary(JRVerticalFiller.java:1059)
	at net.sf.jasperreports.engine.fill.JRVerticalFiller.fillReportEnd(JRVerticalFiller.java:319)
	at net.sf.jasperreports.engine.fill.JRVerticalFiller.fillReport(JRVerticalFiller.java:158)
	at net.sf.jasperreports.engine.fill.JRBaseFiller.fill(JRBaseFiller.java:909)
	at net.sf.jasperreports.engine.fill.JRBaseFiller.fill(JRBaseFiller.java:822)
	at net.sf.jasperreports.engine.fill.JRFillSubreport.fillSubreport(JRFillSubreport.java:655)
	at net.sf.jasperreports.engine.fill.JRSubreportRunnable.run(JRSubreportRunnable.java:59)
	at net.sf.jasperreports.engine.fill.AbstractThreadSubreportRunner.run(AbstractThreadSubreportRunner.java:203)
	at java.util.concurrent.ThreadPoolExecutor.runWorker(ThreadPoolExecutor.java:1145)
	at java.util.concurrent.ThreadPoolExecutor$Worker.run(ThreadPoolExecutor.java:615)
	at java.lang.Thread.run(Thread.java:745)
3506246 [XML-RPC-0] ERROR org.apache.xmlrpc.server.XmlRpcErrorLogger - Failed to invoke method execute in class com.nantic.jasperreports.JasperServer: Subreport overflowed on a band that does not support overflow.
org.apache.xmlrpc.common.XmlRpcInvocationException: Failed to invoke method execute in class com.nantic.jasperreports.JasperServer: Subreport overflowed on a band that does not support overflow.
	at org.apache.xmlrpc.server.ReflectiveXmlRpcHandler.invoke(ReflectiveXmlRpcHandler.java:129)
	at org.apache.xmlrpc.server.ReflectiveXmlRpcHandler.execute(ReflectiveXmlRpcHandler.java:106)
	at org.apache.xmlrpc.server.XmlRpcServerWorker.execute(XmlRpcServerWorker.java:46)
	at org.apache.xmlrpc.server.XmlRpcServer.execute(XmlRpcServer.java:86)
	at org.apache.xmlrpc.server.XmlRpcStreamServer.execute(XmlRpcStreamServer.java:200)
	at org.apache.xmlrpc.webserver.Connection.run(Connection.java:208)
	at org.apache.xmlrpc.util.ThreadPool$Poolable$1.run(ThreadPool.java:68)
Caused by: net.sf.jasperreports.engine.JRRuntimeException: Subreport overflowed on a band that does not support overflow.
	at net.sf.jasperreports.engine.fill.JRVerticalFiller.addPage(JRVerticalFiller.java:1845)
	at net.sf.jasperreports.engine.fill.JRVerticalFiller.fillSummaryNoLastFooterNewPage(JRVerticalFiller.java:1187)
	at net.sf.jasperreports.engine.fill.JRVerticalFiller.fillSummary(JRVerticalFiller.java:1059)
	at net.sf.jasperreports.engine.fill.JRVerticalFiller.fillReportEnd(JRVerticalFiller.java:319)
	at net.sf.jasperreports.engine.fill.JRVerticalFiller.fillReport(JRVerticalFiller.java:158)
	at net.sf.jasperreports.engine.fill.JRBaseFiller.fill(JRBaseFiller.java:909)
	at net.sf.jasperreports.engine.fill.JRBaseFiller.fill(JRBaseFiller.java:822)
	at net.sf.jasperreports.engine.fill.JRFillSubreport.fillSubreport(JRFillSubreport.java:655)
	at net.sf.jasperreports.engine.fill.JRSubreportRunnable.run(JRSubreportRunnable.java:59)
	at net.sf.jasperreports.engine.fill.AbstractThreadSubreportRunner.run(AbstractThreadSubreportRunner.java:203)
	at java.util.concurrent.ThreadPoolExecutor.runWorker(ThreadPoolExecutor.java:1145)
	at java.util.concurrent.ThreadPoolExecutor$Worker.run(ThreadPoolExecutor.java:615)
	at java.lang.Thread.run(Thread.java:745)
Caused by:
net.sf.jasperreports.engine.JRRuntimeException: Subreport overflowed on a band that does not support overflow.
	at net.sf.jasperreports.engine.fill.JRVerticalFiller.addPage(JRVerticalFiller.java:1845)
	at net.sf.jasperreports.engine.fill.JRVerticalFiller.fillSummaryNoLastFooterNewPage(JRVerticalFiller.java:1187)
	at net.sf.jasperreports.engine.fill.JRVerticalFiller.fillSummary(JRVerticalFiller.java:1059)
	at net.sf.jasperreports.engine.fill.JRVerticalFiller.fillReportEnd(JRVerticalFiller.java:319)
	at net.sf.jasperreports.engine.fill.JRVerticalFiller.fillReport(JRVerticalFiller.java:158)
	at net.sf.jasperreports.engine.fill.JRBaseFiller.fill(JRBaseFiller.java:909)
	at net.sf.jasperreports.engine.fill.JRBaseFiller.fill(JRBaseFiller.java:822)
	at net.sf.jasperreports.engine.fill.JRFillSubreport.fillSubreport(JRFillSubreport.java:655)
	at net.sf.jasperreports.engine.fill.JRSubreportRunnable.run(JRSubreportRunnable.java:59)
	at net.sf.jasperreports.engine.fill.AbstractThreadSubreportRunner.run(AbstractThreadSubreportRunner.java:203)
	at java.util.concurrent.ThreadPoolExecutor.runWorker(ThreadPoolExecutor.java:1145)
	at java.util.concurrent.ThreadPoolExecutor$Worker.run(ThreadPoolExecutor.java:615)
	at java.lang.Thread.run(Thread.java:745)
3552677 [XML-RPC-0] ERROR net.sf.jasperreports.engine.fill.JRFillSubreport - Fill 1: exception
net.sf.jasperreports.engine.JRRuntimeException: Subreport overflowed on a band that does not support overflow.
	at net.sf.jasperreports.engine.fill.JRVerticalFiller.addPage(JRVerticalFiller.java:1845)
	at net.sf.jasperreports.engine.fill.JRVerticalFiller.fillPageBreak(JRVerticalFiller.java:1939)
	at net.sf.jasperreports.engine.fill.JRVerticalFiller.fillColumnBreak(JRVerticalFiller.java:1968)
	at net.sf.jasperreports.engine.fill.JRVerticalFiller.fillColumnBand(JRVerticalFiller.java:2076)
	at net.sf.jasperreports.engine.fill.JRVerticalFiller.fillDetail(JRVerticalFiller.java:778)
	at net.sf.jasperreports.engine.fill.JRVerticalFiller.fillReportContent(JRVerticalFiller.java:308)
	at net.sf.jasperreports.engine.fill.JRVerticalFiller.fillReport(JRVerticalFiller.java:155)
	at net.sf.jasperreports.engine.fill.JRBaseFiller.fill(JRBaseFiller.java:909)
	at net.sf.jasperreports.engine.fill.JRBaseFiller.fill(JRBaseFiller.java:822)
	at net.sf.jasperreports.engine.fill.JRFillSubreport.fillSubreport(JRFillSubreport.java:655)
	at net.sf.jasperreports.engine.fill.JRSubreportRunnable.run(JRSubreportRunnable.java:59)
	at net.sf.jasperreports.engine.fill.AbstractThreadSubreportRunner.run(AbstractThreadSubreportRunner.java:203)
	at java.util.concurrent.ThreadPoolExecutor.runWorker(ThreadPoolExecutor.java:1145)
	at java.util.concurrent.ThreadPoolExecutor$Worker.run(ThreadPoolExecutor.java:615)
	at java.lang.Thread.run(Thread.java:745)
3552678 [XML-RPC-0] ERROR org.apache.xmlrpc.server.XmlRpcErrorLogger - Failed to invoke method execute in class com.nantic.jasperreports.JasperServer: Subreport overflowed on a band that does not support overflow.
org.apache.xmlrpc.common.XmlRpcInvocationException: Failed to invoke method execute in class com.nantic.jasperreports.JasperServer: Subreport overflowed on a band that does not support overflow.
	at org.apache.xmlrpc.server.ReflectiveXmlRpcHandler.invoke(ReflectiveXmlRpcHandler.java:129)
	at org.apache.xmlrpc.server.ReflectiveXmlRpcHandler.execute(ReflectiveXmlRpcHandler.java:106)
	at org.apache.xmlrpc.server.XmlRpcServerWorker.execute(XmlRpcServerWorker.java:46)
	at org.apache.xmlrpc.server.XmlRpcServer.execute(XmlRpcServer.java:86)
	at org.apache.xmlrpc.server.XmlRpcStreamServer.execute(XmlRpcStreamServer.java:200)
	at org.apache.xmlrpc.webserver.Connection.run(Connection.java:208)
	at org.apache.xmlrpc.util.ThreadPool$Poolable$1.run(ThreadPool.java:68)
Caused by: net.sf.jasperreports.engine.JRRuntimeException: Subreport overflowed on a band that does not support overflow.
	at net.sf.jasperreports.engine.fill.JRVerticalFiller.addPage(JRVerticalFiller.java:1845)
	at net.sf.jasperreports.engine.fill.JRVerticalFiller.fillPageBreak(JRVerticalFiller.java:1939)
	at net.sf.jasperreports.engine.fill.JRVerticalFiller.fillColumnBreak(JRVerticalFiller.java:1968)
	at net.sf.jasperreports.engine.fill.JRVerticalFiller.fillColumnBand(JRVerticalFiller.java:2076)
	at net.sf.jasperreports.engine.fill.JRVerticalFiller.fillDetail(JRVerticalFiller.java:778)
	at net.sf.jasperreports.engine.fill.JRVerticalFiller.fillReportContent(JRVerticalFiller.java:308)
	at net.sf.jasperreports.engine.fill.JRVerticalFiller.fillReport(JRVerticalFiller.java:155)
	at net.sf.jasperreports.engine.fill.JRBaseFiller.fill(JRBaseFiller.java:909)
	at net.sf.jasperreports.engine.fill.JRBaseFiller.fill(JRBaseFiller.java:822)
	at net.sf.jasperreports.engine.fill.JRFillSubreport.fillSubreport(JRFillSubreport.java:655)
	at net.sf.jasperreports.engine.fill.JRSubreportRunnable.run(JRSubreportRunnable.java:59)
	at net.sf.jasperreports.engine.fill.AbstractThreadSubreportRunner.run(AbstractThreadSubreportRunner.java:203)
	at java.util.concurrent.ThreadPoolExecutor.runWorker(ThreadPoolExecutor.java:1145)
	at java.util.concurrent.ThreadPoolExecutor$Worker.run(ThreadPoolExecutor.java:615)
	at java.lang.Thread.run(Thread.java:745)
Caused by:
net.sf.jasperreports.engine.JRRuntimeException: Subreport overflowed on a band that does not support overflow.
	at net.sf.jasperreports.engine.fill.JRVerticalFiller.addPage(JRVerticalFiller.java:1845)
	at net.sf.jasperreports.engine.fill.JRVerticalFiller.fillPageBreak(JRVerticalFiller.java:1939)
	at net.sf.jasperreports.engine.fill.JRVerticalFiller.fillColumnBreak(JRVerticalFiller.java:1968)
	at net.sf.jasperreports.engine.fill.JRVerticalFiller.fillColumnBand(JRVerticalFiller.java:2076)
	at net.sf.jasperreports.engine.fill.JRVerticalFiller.fillDetail(JRVerticalFiller.java:778)
	at net.sf.jasperreports.engine.fill.JRVerticalFiller.fillReportContent(JRVerticalFiller.java:308)
	at net.sf.jasperreports.engine.fill.JRVerticalFiller.fillReport(JRVerticalFiller.java:155)
	at net.sf.jasperreports.engine.fill.JRBaseFiller.fill(JRBaseFiller.java:909)
	at net.sf.jasperreports.engine.fill.JRBaseFiller.fill(JRBaseFiller.java:822)
	at net.sf.jasperreports.engine.fill.JRFillSubreport.fillSubreport(JRFillSubreport.java:655)
	at net.sf.jasperreports.engine.fill.JRSubreportRunnable.run(JRSubreportRunnable.java:59)
	at net.sf.jasperreports.engine.fill.AbstractThreadSubreportRunner.run(AbstractThreadSubreportRunner.java:203)
	at java.util.concurrent.ThreadPoolExecutor.runWorker(ThreadPoolExecutor.java:1145)
	at java.util.concurrent.ThreadPoolExecutor$Worker.run(ThreadPoolExecutor.java:615)
	at java.lang.Thread.run(Thread.java:745)
